<?xml version="1.0" encoding="UTF-8"?>
<!-- Generated by org.testng.reporters.JUnitXMLReporter -->
<testsuite ignored="8" hostname="LTIN511706" failures="0" tests="4" name="Test" time="40.488" errors="0" timestamp="2024-11-08T12:25:42 IST">
  <testcase classname="testCase.TC_002_GetDiagnosticsCenterCityName" name="ValidatingSurgeriPage" time="4.415"/>
  <testcase classname="testCase.TC_002_GetDiagnosticsCenterCityName" name="getMainCityNamesofDiagnosticsCenter" time="15.939"/>
  <testcase classname="testCase.TC_003_WellnessCare" name="validateWellnessPage" time="0.953"/>
  <testcase classname="testCase.TC_003_WellnessCare" name="ScheduleDmo" time="7.134"/>
  <testcase classname="testBase.BaseClass" name="@BeforeTest getDriver" time="0.0">
    <ignored/>
  </testcase> <!-- @BeforeTest getDriver -->
  <testcase classname="testBase.BaseClass" name="@AfterTest tearDown" time="0.0">
    <ignored/>
  </testcase> <!-- @AfterTest tearDown -->
  <testcase classname="testCase.TC_001_NearBy_Hospetial" name="SelectLocation" time="0.0">
    <ignored/>
  </testcase> <!-- SelectLocation -->
  <testcase classname="testCase.TC_001_NearBy_Hospetial" name="getHospetialListWithGivenFecilities" time="0.0">
    <ignored/>
  </testcase> <!-- getHospetialListWithGivenFecilities -->
  <testcase classname="testBase.BaseClass" name="@BeforeTest getDriver" time="0.0">
    <ignored/>
  </testcase> <!-- @BeforeTest getDriver -->
  <testcase classname="testCase.TC_001_NearBy_Hospetial" name="validationgPagePractoPage" time="0.0">
    <ignored/>
  </testcase> <!-- validationgPagePractoPage -->
  <testcase classname="testCase.TC_001_NearBy_Hospetial" name="SearchAllHospetial" time="0.0">
    <ignored/>
  </testcase> <!-- SearchAllHospetial -->
  <testcase classname="testBase.BaseClass" name="@AfterTest tearDown" time="0.0">
    <ignored/>
  </testcase> <!-- @AfterTest tearDown -->
</testsuite> <!-- Test -->
