<?xml version="1.0" encoding="UTF-8"?>
<testng-results ignored="0" total="8" passed="8" failed="0" skipped="0">
  <reporter-output>
  </reporter-output>
  <suite started-at="2024-11-18T17:46:00 IST" name="Suite" finished-at="2024-11-18T17:48:58 IST" duration-ms="177506">
    <groups>
      <group name="Master">
        <method signature="TC_001_NearBy_Hospetial.validationgPagePractoPage()[pri:1, instance:testCase.TC_001_NearBy_Hospetial@72a85671]" name="validationgPagePractoPage" class="testCase.TC_001_NearBy_Hospetial"/>
        <method signature="TC_002_GetDiagnosticsCenterCityName.ValidatingSurgeriPage()[pri:1, instance:testCase.TC_002_GetDiagnosticsCenterCityName@3a94964]" name="ValidatingSurgeriPage" class="testCase.TC_002_GetDiagnosticsCenterCityName"/>
        <method signature="TC_001_NearBy_Hospetial.SearchAllHospetial()[pri:2, instance:testCase.TC_001_NearBy_Hospetial@72a85671]" name="SearchAllHospetial" class="testCase.TC_001_NearBy_Hospetial"/>
        <method signature="TC_002_GetDiagnosticsCenterCityName.getMainCityNamesofDiagnosticsCenter()[pri:2, instance:testCase.TC_002_GetDiagnosticsCenterCityName@3a94964]" name="getMainCityNamesofDiagnosticsCenter" class="testCase.TC_002_GetDiagnosticsCenterCityName"/>
        <method signature="TC_001_NearBy_Hospetial.SelectLocation()[pri:3, instance:testCase.TC_001_NearBy_Hospetial@72a85671]" name="SelectLocation" class="testCase.TC_001_NearBy_Hospetial"/>
        <method signature="TC_001_NearBy_Hospetial.getHospetialListWithGivenFecilities()[pri:4, instance:testCase.TC_001_NearBy_Hospetial@72a85671]" name="getHospetialListWithGivenFecilities" class="testCase.TC_001_NearBy_Hospetial"/>
      </group> <!-- Master -->
      <group name="Sanity">
        <method signature="TC_001_NearBy_Hospetial.validationgPagePractoPage()[pri:1, instance:testCase.TC_001_NearBy_Hospetial@72a85671]" name="validationgPagePractoPage" class="testCase.TC_001_NearBy_Hospetial"/>
        <method signature="TC_002_GetDiagnosticsCenterCityName.ValidatingSurgeriPage()[pri:1, instance:testCase.TC_002_GetDiagnosticsCenterCityName@3a94964]" name="ValidatingSurgeriPage" class="testCase.TC_002_GetDiagnosticsCenterCityName"/>
        <method signature="TC_001_NearBy_Hospetial.SearchAllHospetial()[pri:2, instance:testCase.TC_001_NearBy_Hospetial@72a85671]" name="SearchAllHospetial" class="testCase.TC_001_NearBy_Hospetial"/>
        <method signature="TC_002_GetDiagnosticsCenterCityName.getMainCityNamesofDiagnosticsCenter()[pri:2, instance:testCase.TC_002_GetDiagnosticsCenterCityName@3a94964]" name="getMainCityNamesofDiagnosticsCenter" class="testCase.TC_002_GetDiagnosticsCenterCityName"/>
        <method signature="TC_001_NearBy_Hospetial.SelectLocation()[pri:3, instance:testCase.TC_001_NearBy_Hospetial@72a85671]" name="SelectLocation" class="testCase.TC_001_NearBy_Hospetial"/>
        <method signature="TC_001_NearBy_Hospetial.getHospetialListWithGivenFecilities()[pri:4, instance:testCase.TC_001_NearBy_Hospetial@72a85671]" name="getHospetialListWithGivenFecilities" class="testCase.TC_001_NearBy_Hospetial"/>
      </group> <!-- Sanity -->
      <group name="Regression">
        <method signature="TC_002_GetDiagnosticsCenterCityName.ValidatingSurgeriPage()[pri:1, instance:testCase.TC_002_GetDiagnosticsCenterCityName@3a94964]" name="ValidatingSurgeriPage" class="testCase.TC_002_GetDiagnosticsCenterCityName"/>
        <method signature="TC_003_WellnessCare.validateWellnessPage()[pri:1, instance:testCase.TC_003_WellnessCare@5049d8b2]" name="validateWellnessPage" class="testCase.TC_003_WellnessCare"/>
        <method signature="TC_002_GetDiagnosticsCenterCityName.getMainCityNamesofDiagnosticsCenter()[pri:2, instance:testCase.TC_002_GetDiagnosticsCenterCityName@3a94964]" name="getMainCityNamesofDiagnosticsCenter" class="testCase.TC_002_GetDiagnosticsCenterCityName"/>
        <method signature="TC_003_WellnessCare.ScheduleDmo()[pri:2, instance:testCase.TC_003_WellnessCare@5049d8b2]" name="ScheduleDmo" class="testCase.TC_003_WellnessCare"/>
      </group> <!-- Regression -->
    </groups>
    <test started-at="2024-11-18T17:46:00 IST" name="Test" finished-at="2024-11-18T17:48:58 IST" duration-ms="177506">
      <class name="testCase.TC_001_NearBy_Hospetial">
        <test-method is-config="true" signature="getDriver(java.lang.String)[pri:0, instance:testCase.TC_001_NearBy_Hospetial@72a85671]" started-at="2024-11-18T17:46:00 IST" name="getDriver" finished-at="2024-11-18T17:46:39 IST" duration-ms="38968" status="PASS">
          <params>
            <param index="0">
              <value>
                <![CDATA[edge]]>
              </value>
            </param>
          </params>
          <reporter-output>
          </reporter-output>
        </test-method> <!-- getDriver -->
        <test-method signature="validationgPagePractoPage()[pri:1, instance:testCase.TC_001_NearBy_Hospetial@72a85671]" started-at="2024-11-18T17:46:39 IST" name="validationgPagePractoPage" finished-at="2024-11-18T17:46:39 IST" duration-ms="51" status="PASS">
          <reporter-output>
          </reporter-output>
        </test-method> <!-- validationgPagePractoPage -->
        <test-method signature="SearchAllHospetial()[pri:2, instance:testCase.TC_001_NearBy_Hospetial@72a85671]" started-at="2024-11-18T17:46:40 IST" name="SearchAllHospetial" finished-at="2024-11-18T17:46:42 IST" duration-ms="2976" status="PASS">
          <reporter-output>
          </reporter-output>
        </test-method> <!-- SearchAllHospetial -->
        <test-method signature="SelectLocation()[pri:3, instance:testCase.TC_001_NearBy_Hospetial@72a85671]" started-at="2024-11-18T17:46:43 IST" name="SelectLocation" finished-at="2024-11-18T17:46:44 IST" duration-ms="1185" status="PASS">
          <reporter-output>
          </reporter-output>
        </test-method> <!-- SelectLocation -->
        <test-method signature="getHospetialListWithGivenFecilities()[pri:4, instance:testCase.TC_001_NearBy_Hospetial@72a85671]" started-at="2024-11-18T17:46:44 IST" name="getHospetialListWithGivenFecilities" finished-at="2024-11-18T17:47:23 IST" duration-ms="39228" status="PASS">
          <reporter-output>
          </reporter-output>
        </test-method> <!-- getHospetialListWithGivenFecilities -->
        <test-method is-config="true" signature="tearDown()[pri:0, instance:testCase.TC_001_NearBy_Hospetial@72a85671]" started-at="2024-11-18T17:48:49 IST" name="tearDown" finished-at="2024-11-18T17:48:58 IST" duration-ms="8272" status="PASS">
          <reporter-output>
          </reporter-output>
        </test-method> <!-- tearDown -->
      </class> <!-- testCase.TC_001_NearBy_Hospetial -->
      <class name="testCase.TC_003_WellnessCare">
        <test-method signature="validateWellnessPage()[pri:1, instance:testCase.TC_003_WellnessCare@5049d8b2]" started-at="2024-11-18T17:47:59 IST" name="validateWellnessPage" finished-at="2024-11-18T17:48:47 IST" duration-ms="47476" status="PASS">
          <reporter-output>
          </reporter-output>
        </test-method> <!-- validateWellnessPage -->
        <test-method signature="ScheduleDmo()[pri:2, instance:testCase.TC_003_WellnessCare@5049d8b2]" started-at="2024-11-18T17:48:47 IST" name="ScheduleDmo" finished-at="2024-11-18T17:48:49 IST" duration-ms="2630" status="PASS">
          <reporter-output>
          </reporter-output>
        </test-method> <!-- ScheduleDmo -->
      </class> <!-- testCase.TC_003_WellnessCare -->
      <class name="testCase.TC_002_GetDiagnosticsCenterCityName">
        <test-method signature="ValidatingSurgeriPage()[pri:1, instance:testCase.TC_002_GetDiagnosticsCenterCityName@3a94964]" started-at="2024-11-18T17:47:23 IST" name="ValidatingSurgeriPage" finished-at="2024-11-18T17:47:55 IST" duration-ms="31632" status="PASS">
          <reporter-output>
          </reporter-output>
        </test-method> <!-- ValidatingSurgeriPage -->
        <test-method signature="getMainCityNamesofDiagnosticsCenter()[pri:2, instance:testCase.TC_002_GetDiagnosticsCenterCityName@3a94964]" started-at="2024-11-18T17:47:55 IST" name="getMainCityNamesofDiagnosticsCenter" finished-at="2024-11-18T17:47:59 IST" duration-ms="4593" status="PASS">
          <reporter-output>
          </reporter-output>
        </test-method> <!-- getMainCityNamesofDiagnosticsCenter -->
      </class> <!-- testCase.TC_002_GetDiagnosticsCenterCityName -->
    </test> <!-- Test -->
  </suite> <!-- Suite -->
</testng-results>
