<?xml version="1.0" encoding="UTF-8"?>
<testng-results ignored="0" total="4" passed="4" failed="0" skipped="0">
  <reporter-output>
  </reporter-output>
  <suite started-at="2024-11-08T12:39:30 IST" name="Suite" finished-at="2024-11-08T12:42:35 IST" duration-ms="184447">
    <groups>
      <group name="Master">
        <method signature="TC_002_GetDiagnosticsCenterCityName.ValidatingSurgeriPage()[pri:1, instance:testCase.TC_002_GetDiagnosticsCenterCityName@1ce61929]" name="ValidatingSurgeriPage" class="testCase.TC_002_GetDiagnosticsCenterCityName"/>
        <method signature="TC_002_GetDiagnosticsCenterCityName.getMainCityNamesofDiagnosticsCenter()[pri:2, instance:testCase.TC_002_GetDiagnosticsCenterCityName@1ce61929]" name="getMainCityNamesofDiagnosticsCenter" class="testCase.TC_002_GetDiagnosticsCenterCityName"/>
      </group> <!-- Master -->
      <group name="Sanity">
        <method signature="TC_002_GetDiagnosticsCenterCityName.ValidatingSurgeriPage()[pri:1, instance:testCase.TC_002_GetDiagnosticsCenterCityName@1ce61929]" name="ValidatingSurgeriPage" class="testCase.TC_002_GetDiagnosticsCenterCityName"/>
        <method signature="TC_002_GetDiagnosticsCenterCityName.getMainCityNamesofDiagnosticsCenter()[pri:2, instance:testCase.TC_002_GetDiagnosticsCenterCityName@1ce61929]" name="getMainCityNamesofDiagnosticsCenter" class="testCase.TC_002_GetDiagnosticsCenterCityName"/>
      </group> <!-- Sanity -->
      <group name="Regression">
        <method signature="TC_002_GetDiagnosticsCenterCityName.ValidatingSurgeriPage()[pri:1, instance:testCase.TC_002_GetDiagnosticsCenterCityName@1ce61929]" name="ValidatingSurgeriPage" class="testCase.TC_002_GetDiagnosticsCenterCityName"/>
        <method signature="TC_003_WellnessCare.validateWellnessPage()[pri:1, instance:testCase.TC_003_WellnessCare@59d2103b]" name="validateWellnessPage" class="testCase.TC_003_WellnessCare"/>
        <method signature="TC_002_GetDiagnosticsCenterCityName.getMainCityNamesofDiagnosticsCenter()[pri:2, instance:testCase.TC_002_GetDiagnosticsCenterCityName@1ce61929]" name="getMainCityNamesofDiagnosticsCenter" class="testCase.TC_002_GetDiagnosticsCenterCityName"/>
        <method signature="TC_003_WellnessCare.ScheduleDmo()[pri:2, instance:testCase.TC_003_WellnessCare@59d2103b]" name="ScheduleDmo" class="testCase.TC_003_WellnessCare"/>
      </group> <!-- Regression -->
    </groups>
    <test started-at="2024-11-08T12:39:30 IST" name="Test" finished-at="2024-11-08T12:42:35 IST" duration-ms="184447">
      <class name="testCase.TC_003_WellnessCare">
        <test-method signature="validateWellnessPage()[pri:1, instance:testCase.TC_003_WellnessCare@59d2103b]" started-at="2024-11-08T12:41:23 IST" name="validateWellnessPage" finished-at="2024-11-08T12:41:54 IST" duration-ms="30600" status="PASS">
          <reporter-output>
          </reporter-output>
        </test-method> <!-- validateWellnessPage -->
        <test-method signature="ScheduleDmo()[pri:2, instance:testCase.TC_003_WellnessCare@59d2103b]" started-at="2024-11-08T12:41:54 IST" name="ScheduleDmo" finished-at="2024-11-08T12:42:28 IST" duration-ms="33974" status="PASS">
          <reporter-output>
          </reporter-output>
        </test-method> <!-- ScheduleDmo -->
      </class> <!-- testCase.TC_003_WellnessCare -->
      <class name="testCase.TC_002_GetDiagnosticsCenterCityName">
        <test-method is-config="true" signature="getDriver(java.lang.String)[pri:0, instance:testCase.TC_002_GetDiagnosticsCenterCityName@1ce61929]" started-at="2024-11-08T12:39:31 IST" name="getDriver" finished-at="2024-11-08T12:40:19 IST" duration-ms="48003" status="PASS">
          <params>
            <param index="0">
              <value>
                <![CDATA[edge]]>
              </value>
            </param>
          </params>
          <reporter-output>
          </reporter-output>
        </test-method> <!-- getDriver -->
        <test-method signature="ValidatingSurgeriPage()[pri:1, instance:testCase.TC_002_GetDiagnosticsCenterCityName@1ce61929]" started-at="2024-11-08T12:40:19 IST" name="ValidatingSurgeriPage" finished-at="2024-11-08T12:41:20 IST" duration-ms="60901" status="PASS">
          <reporter-output>
          </reporter-output>
        </test-method> <!-- ValidatingSurgeriPage -->
        <test-method signature="getMainCityNamesofDiagnosticsCenter()[pri:2, instance:testCase.TC_002_GetDiagnosticsCenterCityName@1ce61929]" started-at="2024-11-08T12:41:20 IST" name="getMainCityNamesofDiagnosticsCenter" finished-at="2024-11-08T12:41:23 IST" duration-ms="3523" status="PASS">
          <reporter-output>
          </reporter-output>
        </test-method> <!-- getMainCityNamesofDiagnosticsCenter -->
        <test-method is-config="true" signature="tearDown()[pri:0, instance:testCase.TC_002_GetDiagnosticsCenterCityName@1ce61929]" started-at="2024-11-08T12:42:28 IST" name="tearDown" finished-at="2024-11-08T12:42:35 IST" duration-ms="7187" status="PASS">
          <reporter-output>
          </reporter-output>
        </test-method> <!-- tearDown -->
      </class> <!-- testCase.TC_002_GetDiagnosticsCenterCityName -->
    </test> <!-- Test -->
  </suite> <!-- Suite -->
</testng-results>
