<?xml version="1.0" encoding="UTF-8"?>
<testng-results ignored="4" total="12" passed="8" failed="0" skipped="0">
  <reporter-output>
  </reporter-output>
  <suite started-at="2024-11-08T12:22:36 IST" name="Suite" finished-at="2024-11-08T12:24:19 IST" duration-ms="103162">
    <groups>
      <group name="Master">
        <method signature="TC_001_NearBy_Hospetial.SearchAllHospetial()[pri:2, instance:testCase.TC_001_NearBy_Hospetial@563f38c4]" name="SearchAllHospetial" class="testCase.TC_001_NearBy_Hospetial"/>
        <method signature="TC_001_NearBy_Hospetial.SelectLocation()[pri:3, instance:testCase.TC_001_NearBy_Hospetial@563f38c4]" name="SelectLocation" class="testCase.TC_001_NearBy_Hospetial"/>
        <method signature="TC_001_NearBy_Hospetial.getHospetialListWithGivenFecilities()[pri:4, instance:testCase.TC_001_NearBy_Hospetial@563f38c4]" name="getHospetialListWithGivenFecilities" class="testCase.TC_001_NearBy_Hospetial"/>
        <method signature="TC_001_NearBy_Hospetial.validationgPagePractoPage()[pri:1, instance:testCase.TC_001_NearBy_Hospetial@563f38c4]" name="validationgPagePractoPage" class="testCase.TC_001_NearBy_Hospetial"/>
        <method signature="TC_002_GetDiagnosticsCenterCityName.ValidatingSurgeriPage()[pri:1, instance:testCase.TC_002_GetDiagnosticsCenterCityName@1ca3b418]" name="ValidatingSurgeriPage" class="testCase.TC_002_GetDiagnosticsCenterCityName"/>
        <method signature="TC_002_GetDiagnosticsCenterCityName.getMainCityNamesofDiagnosticsCenter()[pri:2, instance:testCase.TC_002_GetDiagnosticsCenterCityName@1ca3b418]" name="getMainCityNamesofDiagnosticsCenter" class="testCase.TC_002_GetDiagnosticsCenterCityName"/>
      </group> <!-- Master -->
      <group name="Sanity">
        <method signature="TC_001_NearBy_Hospetial.SearchAllHospetial()[pri:2, instance:testCase.TC_001_NearBy_Hospetial@563f38c4]" name="SearchAllHospetial" class="testCase.TC_001_NearBy_Hospetial"/>
        <method signature="TC_001_NearBy_Hospetial.SelectLocation()[pri:3, instance:testCase.TC_001_NearBy_Hospetial@563f38c4]" name="SelectLocation" class="testCase.TC_001_NearBy_Hospetial"/>
        <method signature="TC_001_NearBy_Hospetial.getHospetialListWithGivenFecilities()[pri:4, instance:testCase.TC_001_NearBy_Hospetial@563f38c4]" name="getHospetialListWithGivenFecilities" class="testCase.TC_001_NearBy_Hospetial"/>
        <method signature="TC_001_NearBy_Hospetial.validationgPagePractoPage()[pri:1, instance:testCase.TC_001_NearBy_Hospetial@563f38c4]" name="validationgPagePractoPage" class="testCase.TC_001_NearBy_Hospetial"/>
        <method signature="TC_002_GetDiagnosticsCenterCityName.ValidatingSurgeriPage()[pri:1, instance:testCase.TC_002_GetDiagnosticsCenterCityName@1ca3b418]" name="ValidatingSurgeriPage" class="testCase.TC_002_GetDiagnosticsCenterCityName"/>
        <method signature="TC_002_GetDiagnosticsCenterCityName.getMainCityNamesofDiagnosticsCenter()[pri:2, instance:testCase.TC_002_GetDiagnosticsCenterCityName@1ca3b418]" name="getMainCityNamesofDiagnosticsCenter" class="testCase.TC_002_GetDiagnosticsCenterCityName"/>
      </group> <!-- Sanity -->
      <group name="Regression">
        <method signature="TC_002_GetDiagnosticsCenterCityName.ValidatingSurgeriPage()[pri:1, instance:testCase.TC_002_GetDiagnosticsCenterCityName@1ca3b418]" name="ValidatingSurgeriPage" class="testCase.TC_002_GetDiagnosticsCenterCityName"/>
        <method signature="TC_002_GetDiagnosticsCenterCityName.getMainCityNamesofDiagnosticsCenter()[pri:2, instance:testCase.TC_002_GetDiagnosticsCenterCityName@1ca3b418]" name="getMainCityNamesofDiagnosticsCenter" class="testCase.TC_002_GetDiagnosticsCenterCityName"/>
        <method signature="TC_003_WellnessCare.ScheduleDmo()[pri:2, instance:testCase.TC_003_WellnessCare@75d3a5e0]" name="ScheduleDmo" class="testCase.TC_003_WellnessCare"/>
        <method signature="TC_003_WellnessCare.validateWellnessPage()[pri:1, instance:testCase.TC_003_WellnessCare@75d3a5e0]" name="validateWellnessPage" class="testCase.TC_003_WellnessCare"/>
      </group> <!-- Regression -->
    </groups>
    <test started-at="2024-11-08T12:22:36 IST" name="Test" finished-at="2024-11-08T12:24:19 IST" duration-ms="103162">
      <class name="testCase.TC_001_NearBy_Hospetial">
        <test-method is-config="true" signature="getDriver(java.lang.String)[pri:0, instance:testCase.TC_001_NearBy_Hospetial@563f38c4]" started-at="2024-11-08T12:22:36 IST" name="getDriver" finished-at="2024-11-08T12:22:45 IST" duration-ms="8318" status="PASS">
          <params>
            <param index="0">
              <value>
                <![CDATA[edge]]>
              </value>
            </param>
          </params>
          <reporter-output>
          </reporter-output>
        </test-method> <!-- getDriver -->
        <test-method signature="validationgPagePractoPage()[pri:1, instance:testCase.TC_001_NearBy_Hospetial@563f38c4]" started-at="2024-11-08T12:22:45 IST" name="validationgPagePractoPage" finished-at="2024-11-08T12:22:45 IST" duration-ms="25" status="PASS">
          <reporter-output>
          </reporter-output>
        </test-method> <!-- validationgPagePractoPage -->
        <test-method signature="SearchAllHospetial()[pri:2, instance:testCase.TC_001_NearBy_Hospetial@563f38c4]" started-at="2024-11-08T12:22:45 IST" name="SearchAllHospetial" finished-at="2024-11-08T12:22:55 IST" duration-ms="10789" status="PASS">
          <reporter-output>
          </reporter-output>
        </test-method> <!-- SearchAllHospetial -->
        <test-method signature="SelectLocation()[pri:3, instance:testCase.TC_001_NearBy_Hospetial@563f38c4]" started-at="2024-11-08T12:22:55 IST" name="SelectLocation" finished-at="2024-11-08T12:22:56 IST" duration-ms="695" status="PASS">
          <reporter-output>
          </reporter-output>
        </test-method> <!-- SelectLocation -->
        <test-method signature="getHospetialListWithGivenFecilities()[pri:4, instance:testCase.TC_001_NearBy_Hospetial@563f38c4]" started-at="2024-11-08T12:22:56 IST" name="getHospetialListWithGivenFecilities" finished-at="2024-11-08T12:23:52 IST" duration-ms="56073" status="PASS">
          <reporter-output>
          </reporter-output>
        </test-method> <!-- getHospetialListWithGivenFecilities -->
        <test-method is-config="true" signature="tearDown()[pri:0, instance:testCase.TC_001_NearBy_Hospetial@563f38c4]" started-at="2024-11-08T12:24:14 IST" name="tearDown" finished-at="2024-11-08T12:24:19 IST" duration-ms="5047" status="PASS">
          <reporter-output>
          </reporter-output>
        </test-method> <!-- tearDown -->
      </class> <!-- testCase.TC_001_NearBy_Hospetial -->
      <class name="testCase.TC_003_WellnessCare">
        <test-method signature="validateWellnessPage()[pri:1, instance:testCase.TC_003_WellnessCare@75d3a5e0]" started-at="2024-11-08T12:24:02 IST" name="validateWellnessPage" finished-at="2024-11-08T12:24:08 IST" duration-ms="5856" status="PASS">
          <reporter-output>
          </reporter-output>
        </test-method> <!-- validateWellnessPage -->
        <test-method signature="ScheduleDmo()[pri:2, instance:testCase.TC_003_WellnessCare@75d3a5e0]" started-at="2024-11-08T12:24:08 IST" name="ScheduleDmo" finished-at="2024-11-08T12:24:14 IST" duration-ms="6446" status="PASS">
          <reporter-output>
          </reporter-output>
        </test-method> <!-- ScheduleDmo -->
      </class> <!-- testCase.TC_003_WellnessCare -->
      <class name="testCase.TC_002_GetDiagnosticsCenterCityName">
        <test-method signature="ValidatingSurgeriPage()[pri:1, instance:testCase.TC_002_GetDiagnosticsCenterCityName@1ca3b418]" started-at="2024-11-08T12:23:52 IST" name="ValidatingSurgeriPage" finished-at="2024-11-08T12:23:54 IST" duration-ms="1720" status="PASS">
          <reporter-output>
          </reporter-output>
        </test-method> <!-- ValidatingSurgeriPage -->
        <test-method signature="getMainCityNamesofDiagnosticsCenter()[pri:2, instance:testCase.TC_002_GetDiagnosticsCenterCityName@1ca3b418]" started-at="2024-11-08T12:23:54 IST" name="getMainCityNamesofDiagnosticsCenter" finished-at="2024-11-08T12:24:02 IST" duration-ms="7908" status="PASS">
          <reporter-output>
          </reporter-output>
        </test-method> <!-- getMainCityNamesofDiagnosticsCenter -->
      </class> <!-- testCase.TC_002_GetDiagnosticsCenterCityName -->
    </test> <!-- Test -->
  </suite> <!-- Suite -->
</testng-results>
