<?xml version="1.0" encoding="UTF-8"?>
<testng-results ignored="2" total="6" passed="3" failed="1" skipped="0">
  <reporter-output>
  </reporter-output>
  <suite started-at="2024-11-09T16:42:48 IST" name="Suite" finished-at="2024-11-09T16:43:01 IST" duration-ms="13160">
    <groups>
      <group name="Master">
        <method signature="TC_002_GetDiagnosticsCenterCityName.ValidatingSurgeriPage()[pri:1, instance:testCase.TC_002_GetDiagnosticsCenterCityName@7586beff]" name="ValidatingSurgeriPage" class="testCase.TC_002_GetDiagnosticsCenterCityName"/>
        <method signature="TC_002_GetDiagnosticsCenterCityName.getMainCityNamesofDiagnosticsCenter()[pri:2, instance:testCase.TC_002_GetDiagnosticsCenterCityName@7586beff]" name="getMainCityNamesofDiagnosticsCenter" class="testCase.TC_002_GetDiagnosticsCenterCityName"/>
      </group> <!-- Master -->
      <group name="Sanity">
        <method signature="TC_002_GetDiagnosticsCenterCityName.ValidatingSurgeriPage()[pri:1, instance:testCase.TC_002_GetDiagnosticsCenterCityName@7586beff]" name="ValidatingSurgeriPage" class="testCase.TC_002_GetDiagnosticsCenterCityName"/>
        <method signature="TC_002_GetDiagnosticsCenterCityName.getMainCityNamesofDiagnosticsCenter()[pri:2, instance:testCase.TC_002_GetDiagnosticsCenterCityName@7586beff]" name="getMainCityNamesofDiagnosticsCenter" class="testCase.TC_002_GetDiagnosticsCenterCityName"/>
      </group> <!-- Sanity -->
      <group name="Regression">
        <method signature="TC_002_GetDiagnosticsCenterCityName.ValidatingSurgeriPage()[pri:1, instance:testCase.TC_002_GetDiagnosticsCenterCityName@7586beff]" name="ValidatingSurgeriPage" class="testCase.TC_002_GetDiagnosticsCenterCityName"/>
        <method signature="TC_002_GetDiagnosticsCenterCityName.getMainCityNamesofDiagnosticsCenter()[pri:2, instance:testCase.TC_002_GetDiagnosticsCenterCityName@7586beff]" name="getMainCityNamesofDiagnosticsCenter" class="testCase.TC_002_GetDiagnosticsCenterCityName"/>
        <method signature="TC_003_WellnessCare.ScheduleDmo()[pri:2, instance:testCase.TC_003_WellnessCare@6a78afa0]" name="ScheduleDmo" class="testCase.TC_003_WellnessCare"/>
        <method signature="TC_003_WellnessCare.validateWellnessPage()[pri:1, instance:testCase.TC_003_WellnessCare@6a78afa0]" name="validateWellnessPage" class="testCase.TC_003_WellnessCare"/>
      </group> <!-- Regression -->
    </groups>
    <test started-at="2024-11-09T16:42:48 IST" name="Test" finished-at="2024-11-09T16:43:01 IST" duration-ms="13160">
      <class name="testCase.TC_003_WellnessCare">
        <test-method signature="validateWellnessPage()[pri:1, instance:testCase.TC_003_WellnessCare@6a78afa0]" started-at="2024-11-09T16:42:55 IST" name="validateWellnessPage" finished-at="2024-11-09T16:42:57 IST" duration-ms="1584" status="PASS">
          <reporter-output>
          </reporter-output>
        </test-method> <!-- validateWellnessPage -->
        <test-method signature="ScheduleDmo()[pri:2, instance:testCase.TC_003_WellnessCare@6a78afa0]" started-at="2024-11-09T16:42:57 IST" name="ScheduleDmo" finished-at="2024-11-09T16:43:01 IST" duration-ms="3906" status="PASS">
          <reporter-output>
          </reporter-output>
        </test-method> <!-- ScheduleDmo -->
      </class> <!-- testCase.TC_003_WellnessCare -->
      <class name="testCase.TC_002_GetDiagnosticsCenterCityName">
        <test-method is-config="true" signature="getDriver(java.lang.String)[pri:0, instance:testCase.TC_002_GetDiagnosticsCenterCityName@7586beff]" started-at="2024-11-09T16:42:48 IST" name="getDriver" finished-at="2024-11-09T16:42:52 IST" duration-ms="3907" status="PASS">
          <params>
            <param index="0">
              <value>
                <![CDATA[chrome]]>
              </value>
            </param>
          </params>
          <reporter-output>
          </reporter-output>
        </test-method> <!-- getDriver -->
        <test-method signature="ValidatingSurgeriPage()[pri:1, instance:testCase.TC_002_GetDiagnosticsCenterCityName@7586beff]" started-at="2024-11-09T16:42:52 IST" name="ValidatingSurgeriPage" finished-at="2024-11-09T16:42:54 IST" duration-ms="1398" status="PASS">
          <reporter-output>
          </reporter-output>
        </test-method> <!-- ValidatingSurgeriPage -->
        <test-method signature="getMainCityNamesofDiagnosticsCenter()[pri:2, instance:testCase.TC_002_GetDiagnosticsCenterCityName@7586beff]" started-at="2024-11-09T16:42:54 IST" name="getMainCityNamesofDiagnosticsCenter" finished-at="2024-11-09T16:42:55 IST" duration-ms="1204" status="FAIL">
          <exception class="org.openqa.selenium.StaleElementReferenceException">
            <message>
              <![CDATA[stale element reference: stale element not found in the current frame
  (Session info: chrome=130.0.6723.117)
For documentation on this error, please visit: https://www.selenium.dev/documentation/webdriver/troubleshooting/errors#stale-element-reference-exception
Build info: version: '4.25.0', revision: '8a8aea2337'
System info: os.name: 'Windows 11', os.arch: 'amd64', os.version: '10.0', java.version: '22.0.1'
Driver info: org.openqa.selenium.chrome.ChromeDriver
Command: [bb1e0f41ada26c7e8d88271ade517ed5, isElementDisplayed {id=f.22EB571839AE337C55577EB1A37CD54B.d.308858CA483B16844FD0EC81C6CC831D.e.2350}]
Capabilities {acceptInsecureCerts: false, browserName: chrome, browserVersion: 130.0.6723.117, chrome: {chromedriverVersion: 130.0.6723.116 (6ac35f94ae3..., userDataDir: C:\Users\aryan\AppData\Loca...}, fedcm:accounts: true, goog:chromeOptions: {debuggerAddress: localhost:56067}, networkConnectionEnabled: false, pageLoadStrategy: normal, platformName: windows, proxy: Proxy(), se:cdp: ws://localhost:56067/devtoo..., se:cdpVersion: 130.0.6723.117, setWindowRect: true, strictFileInteractability: false, timeouts: {implicit: 0, pageLoad: 300000, script: 30000}, unhandledPromptBehavior: dismiss and notify, webauthn:extension:credBlob: true, webauthn:extension:largeBlob: true, webauthn:extension:minPinLength: true, webauthn:extension:prf: true, webauthn:virtualAuthenticators: true}
Element: [[ChromeDriver: chrome on windows (bb1e0f41ada26c7e8d88271ade517ed5)] -> xpath: //div[contains(text(),'Lab Tests')]]
Session ID: bb1e0f41ada26c7e8d88271ade517ed5]]>
            </message>
            <full-stacktrace>
              <![CDATA[org.openqa.selenium.StaleElementReferenceException: stale element reference: stale element not found in the current frame
  (Session info: chrome=130.0.6723.117)
For documentation on this error, please visit: https://www.selenium.dev/documentation/webdriver/troubleshooting/errors#stale-element-reference-exception
Build info: version: '4.25.0', revision: '8a8aea2337'
System info: os.name: 'Windows 11', os.arch: 'amd64', os.version: '10.0', java.version: '22.0.1'
Driver info: org.openqa.selenium.chrome.ChromeDriver
Command: [bb1e0f41ada26c7e8d88271ade517ed5, isElementDisplayed {id=f.22EB571839AE337C55577EB1A37CD54B.d.308858CA483B16844FD0EC81C6CC831D.e.2350}]
Capabilities {acceptInsecureCerts: false, browserName: chrome, browserVersion: 130.0.6723.117, chrome: {chromedriverVersion: 130.0.6723.116 (6ac35f94ae3..., userDataDir: C:\Users\aryan\AppData\Loca...}, fedcm:accounts: true, goog:chromeOptions: {debuggerAddress: localhost:56067}, networkConnectionEnabled: false, pageLoadStrategy: normal, platformName: windows, proxy: Proxy(), se:cdp: ws://localhost:56067/devtoo..., se:cdpVersion: 130.0.6723.117, setWindowRect: true, strictFileInteractability: false, timeouts: {implicit: 0, pageLoad: 300000, script: 30000}, unhandledPromptBehavior: dismiss and notify, webauthn:extension:credBlob: true, webauthn:extension:largeBlob: true, webauthn:extension:minPinLength: true, webauthn:extension:prf: true, webauthn:virtualAuthenticators: true}
Element: [[ChromeDriver: chrome on windows (bb1e0f41ada26c7e8d88271ade517ed5)] -> xpath: //div[contains(text(),'Lab Tests')]]
Session ID: bb1e0f41ada26c7e8d88271ade517ed5
at java.base/jdk.internal.reflect.DirectConstructorHandleAccessor.newInstance(DirectConstructorHandleAccessor.java:62)
at java.base/java.lang.reflect.Constructor.newInstanceWithCaller(Constructor.java:502)
at java.base/java.lang.reflect.Constructor.newInstance(Constructor.java:486)
at org.openqa.selenium.remote.ErrorCodec.decode(ErrorCodec.java:167)
at org.openqa.selenium.remote.codec.w3c.W3CHttpResponseCodec.decode(W3CHttpResponseCodec.java:138)
at org.openqa.selenium.remote.codec.w3c.W3CHttpResponseCodec.decode(W3CHttpResponseCodec.java:50)
at org.openqa.selenium.remote.HttpCommandExecutor.execute(HttpCommandExecutor.java:190)
at org.openqa.selenium.remote.service.DriverCommandExecutor.invokeExecute(DriverCommandExecutor.java:216)
at org.openqa.selenium.remote.service.DriverCommandExecutor.execute(DriverCommandExecutor.java:174)
at org.openqa.selenium.remote.RemoteWebDriver.execute(RemoteWebDriver.java:545)
at org.openqa.selenium.remote.RemoteWebElement.execute(RemoteWebElement.java:223)
at org.openqa.selenium.remote.RemoteWebElement.isDisplayed(RemoteWebElement.java:282)
at java.base/jdk.internal.reflect.DirectMethodHandleAccessor.invoke(DirectMethodHandleAccessor.java:103)
at java.base/java.lang.reflect.Method.invoke(Method.java:580)
at org.openqa.selenium.support.pagefactory.internal.LocatingElementHandler.invoke(LocatingElementHandler.java:51)
at jdk.proxy2/jdk.proxy2.$Proxy49.isDisplayed(Unknown Source)
at org.openqa.selenium.support.ui.ExpectedConditions.elementIfVisible(ExpectedConditions.java:304)
at org.openqa.selenium.support.ui.ExpectedConditions$10.apply(ExpectedConditions.java:290)
at org.openqa.selenium.support.ui.ExpectedConditions$10.apply(ExpectedConditions.java:287)
at org.openqa.selenium.support.ui.FluentWait.until(FluentWait.java:203)
at pageObject.SurgeriesPage.ClickOnLabTest(SurgeriesPage.java:25)
at testCase.TC_002_GetDiagnosticsCenterCityName.getMainCityNamesofDiagnosticsCenter(TC_002_GetDiagnosticsCenterCityName.java:28)
at java.base/jdk.internal.reflect.DirectMethodHandleAccessor.invoke(DirectMethodHandleAccessor.java:103)
at java.base/java.lang.reflect.Method.invoke(Method.java:580)
at org.testng.internal.MethodInvocationHelper.invokeMethod(MethodInvocationHelper.java:133)
at org.testng.internal.TestInvoker.invokeMethod(TestInvoker.java:598)
at org.testng.internal.TestInvoker.invokeTestMethod(TestInvoker.java:173)
at org.testng.internal.MethodRunner.runInSequence(MethodRunner.java:46)
at org.testng.internal.TestInvoker$MethodInvocationAgent.invoke(TestInvoker.java:824)
at org.testng.internal.TestInvoker.invokeTestMethods(TestInvoker.java:146)
at org.testng.internal.TestMethodWorker.invokeTestMethods(TestMethodWorker.java:146)
at org.testng.internal.TestMethodWorker.run(TestMethodWorker.java:128)
at java.base/java.util.ArrayList.forEach(ArrayList.java:1597)
at org.testng.TestRunner.privateRun(TestRunner.java:794)
at org.testng.TestRunner.run(TestRunner.java:596)
at org.testng.SuiteRunner.runTest(SuiteRunner.java:377)
at org.testng.SuiteRunner.runSequentially(SuiteRunner.java:371)
at org.testng.SuiteRunner.privateRun(SuiteRunner.java:332)
at org.testng.SuiteRunner.run(SuiteRunner.java:276)
at org.testng.SuiteRunnerWorker.runSuite(SuiteRunnerWorker.java:53)
at org.testng.SuiteRunnerWorker.run(SuiteRunnerWorker.java:96)
at org.testng.TestNG.runSuitesSequentially(TestNG.java:1212)
at org.testng.TestNG.runSuitesLocally(TestNG.java:1134)
at org.testng.TestNG.runSuites(TestNG.java:1063)
at org.testng.TestNG.run(TestNG.java:1031)
at org.testng.remote.AbstractRemoteTestNG.run(AbstractRemoteTestNG.java:115)
at org.testng.remote.RemoteTestNG.initAndRun(RemoteTestNG.java:293)
at org.testng.remote.RemoteTestNG.main(RemoteTestNG.java:91)
]]>
            </full-stacktrace>
          </exception> <!-- org.openqa.selenium.StaleElementReferenceException -->
          <reporter-output>
          </reporter-output>
        </test-method> <!-- getMainCityNamesofDiagnosticsCenter -->
        <test-method is-config="true" signature="tearDown()[pri:0, instance:testCase.TC_002_GetDiagnosticsCenterCityName@7586beff]" started-at="2024-11-09T16:43:01 IST" name="tearDown" finished-at="2024-11-09T16:43:01 IST" duration-ms="331" status="PASS">
          <reporter-output>
          </reporter-output>
        </test-method> <!-- tearDown -->
      </class> <!-- testCase.TC_002_GetDiagnosticsCenterCityName -->
    </test> <!-- Test -->
  </suite> <!-- Suite -->
</testng-results>
